#
# There is insufficient memory for the Java Runtime Environment to continue.
# Native memory allocation (malloc) failed to allocate 716177408 bytes for committing reserved memory.
# Possible reasons:
#   The system is out of physical RAM or swap space
#   In 32 bit mode, the process size limit was hit
# Possible solutions:
#   Reduce memory load on the system
#   Increase physical memory or swap space
#   Check if swap backing store is full
#   Use 64 bit Java on a 64 bit OS
#   Decrease Java heap size (-Xmx/-Xms)
#   Decrease number of Java threads
#   Decrease Java thread stack sizes (-Xss)
#   Set larger code cache with -XX:ReservedCodeCacheSize=
# This output file may be truncated or incomplete.
#
#  Out of Memory Error (os_linux.cpp:2809), pid=24269, tid=139834712774400
#
# JRE version:  (7.0_79-b14) (build )
# Java VM: OpenJDK 64-Bit Server VM (24.79-b02 mixed mode linux-amd64 compressed oops)
# Derivative: IcedTea 2.5.6
# Distribution: Ubuntu 15.04, package 7u79-2.5.6-0ubuntu1.15.04.1
# Failed to write core dump. Core dumps have been disabled. To enable core dumping, try "ulimit -c unlimited" before starting Java again
#

---------------  T H R E A D  ---------------

Current thread (0x00007f2dc800b000):  JavaThread "Unknown thread" [_thread_in_vm, id=24270, stack(0x00007f2dce51d000,0x00007f2dce61e000)]

Stack: [0x00007f2dce51d000,0x00007f2dce61e000],  sp=0x00007f2dce61c5b0,  free space=1021k
Native frames: (J=compiled Java code, j=interpreted, Vv=VM code, C=native code)
V  [libjvm.so+0x98a166]  VMError::report_and_die()+0x186
V  [libjvm.so+0x48f932]  report_vm_out_of_memory(char const*, int, unsigned long, char const*)+0x92
V  [libjvm.so+0x7fd56b]  os::pd_commit_memory(char*, unsigned long, unsigned long, bool)+0xeb
V  [libjvm.so+0x7f7c4e]  os::commit_memory(char*, unsigned long, unsigned long, bool)+0x2e
V  [libjvm.so+0x86a56b]  PSVirtualSpace::expand_by(unsigned long)+0x5b
V  [libjvm.so+0x85948b]  PSOldGen::initialize(ReservedSpace, unsigned long, char const*, int)+0xab
V  [libjvm.so+0x2a4765]  AdjoiningGenerations::AdjoiningGenerations(ReservedSpace, unsigned long, unsigned long, unsigned long, unsigned long, unsigned long, unsigned long, unsigned long)+0x365
V  [libjvm.so+0x81eaf4]  ParallelScavengeHeap::initialize()+0x594
V  [libjvm.so+0x953a97]  Universe::initialize_heap()+0xc7
V  [libjvm.so+0x953de6]  universe_init()+0x76
V  [libjvm.so+0x5b08af]  init_globals()+0x5f
V  [libjvm.so+0x9355df]  Threads::create_vm(JavaVMInitArgs*, bool*)+0x36f
V  [libjvm.so+0x620b80]  JNI_CreateJavaVM+0x60
C  [libjli.so+0x2b8e]


---------------  P R O C E S S  ---------------

Java Threads: ( => current thread )

Other Threads:

=>0x00007f2dc800b000 (exited) JavaThread "Unknown thread" [_thread_in_vm, id=24270, stack(0x00007f2dce51d000,0x00007f2dce61e000)]

VM state:not at safepoint (not fully initialized)

VM Mutex/Monitor currently owned by a thread: None

GC Heap History (0 events):
No events

Deoptimization events (0 events):
No events

Internal exceptions (0 events):
No events

Events (0 events):
No events


Dynamic libraries:
00400000-00401000 r-xp 00000000 08:09 3942545                            /usr/lib/jvm/java-7-openjdk-amd64/jre/bin/java
00600000-00601000 r--p 00000000 08:09 3942545                            /usr/lib/jvm/java-7-openjdk-amd64/jre/bin/java
00601000-00602000 rw-p 00001000 08:09 3942545                            /usr/lib/jvm/java-7-openjdk-amd64/jre/bin/java
00a37000-00a58000 rw-p 00000000 00:00 0                                  [heap]
aff80000-bff80000 rw-p 00000000 00:00 0 
eaa80000-100000000 rw-p 00000000 00:00 0 
7f2dbe8e6000-7f2dbeabb000 rw-p 00000000 00:00 0 
7f2dbeabb000-7f2dbeb71000 rw-p 00000000 00:00 0 
7f2dbeb71000-7f2dbed67000 rw-p 00000000 00:00 0 
7f2dbed67000-7f2dbefd7000 rwxp 00000000 00:00 0 
7f2dbefd7000-7f2dc6d67000 rw-p 00000000 00:00 0 
7f2dc6d67000-7f2dc6d6f000 r-xp 00000000 08:09 3942466                    /usr/lib/jvm/java-7-openjdk-amd64/jre/lib/amd64/libzip.so
7f2dc6d6f000-7f2dc6f6e000 ---p 00008000 08:09 3942466                    /usr/lib/jvm/java-7-openjdk-amd64/jre/lib/amd64/libzip.so
7f2dc6f6e000-7f2dc6f6f000 r--p 00007000 08:09 3942466                    /usr/lib/jvm/java-7-openjdk-amd64/jre/lib/amd64/libzip.so
7f2dc6f6f000-7f2dc6f70000 rw-p 00008000 08:09 3942466                    /usr/lib/jvm/java-7-openjdk-amd64/jre/lib/amd64/libzip.so
7f2dc6f70000-7f2dc6f7c000 r-xp 00000000 08:09 2625808                    /lib/x86_64-linux-gnu/libnss_files-2.21.so
7f2dc6f7c000-7f2dc717b000 ---p 0000c000 08:09 2625808                    /lib/x86_64-linux-gnu/libnss_files-2.21.so
7f2dc717b000-7f2dc717c000 r--p 0000b000 08:09 2625808                    /lib/x86_64-linux-gnu/libnss_files-2.21.so
7f2dc717c000-7f2dc717d000 rw-p 0000c000 08:09 2625808                    /lib/x86_64-linux-gnu/libnss_files-2.21.so
7f2dc717d000-7f2dc7188000 r-xp 00000000 08:09 2625818                    /lib/x86_64-linux-gnu/libnss_nis-2.21.so
7f2dc7188000-7f2dc7387000 ---p 0000b000 08:09 2625818                    /lib/x86_64-linux-gnu/libnss_nis-2.21.so
7f2dc7387000-7f2dc7388000 r--p 0000a000 08:09 2625818                    /lib/x86_64-linux-gnu/libnss_nis-2.21.so
7f2dc7388000-7f2dc7389000 rw-p 0000b000 08:09 2625818                    /lib/x86_64-linux-gnu/libnss_nis-2.21.so
7f2dc7389000-7f2dc73a0000 r-xp 00000000 08:09 2625802                    /lib/x86_64-linux-gnu/libnsl-2.21.so
7f2dc73a0000-7f2dc759f000 ---p 00017000 08:09 2625802                    /lib/x86_64-linux-gnu/libnsl-2.21.so
7f2dc759f000-7f2dc75a0000 r--p 00016000 08:09 2625802                    /lib/x86_64-linux-gnu/libnsl-2.21.so
7f2dc75a0000-7f2dc75a1000 rw-p 00017000 08:09 2625802                    /lib/x86_64-linux-gnu/libnsl-2.21.so
7f2dc75a1000-7f2dc75a3000 rw-p 00000000 00:00 0 
7f2dc75a3000-7f2dc75ab000 r-xp 00000000 08:09 2625804                    /lib/x86_64-linux-gnu/libnss_compat-2.21.so
7f2dc75ab000-7f2dc77aa000 ---p 00008000 08:09 2625804                    /lib/x86_64-linux-gnu/libnss_compat-2.21.so
7f2dc77aa000-7f2dc77ab000 r--p 00007000 08:09 2625804                    /lib/x86_64-linux-gnu/libnss_compat-2.21.so
7f2dc77ab000-7f2dc77ac000 rw-p 00008000 08:09 2625804                    /lib/x86_64-linux-gnu/libnss_compat-2.21.so
7f2dc77ac000-7f2dc77b6000 r-xp 00000000 08:09 3942496                    /usr/lib/jvm/java-7-openjdk-amd64/jre/lib/amd64/libinstrument.so
7f2dc77b6000-7f2dc79b5000 ---p 0000a000 08:09 3942496                    /usr/lib/jvm/java-7-openjdk-amd64/jre/lib/amd64/libinstrument.so
7f2dc79b5000-7f2dc79b6000 r--p 00009000 08:09 3942496                    /usr/lib/jvm/java-7-openjdk-amd64/jre/lib/amd64/libinstrument.so
7f2dc79b6000-7f2dc79b7000 rw-p 0000a000 08:09 3942496                    /usr/lib/jvm/java-7-openjdk-amd64/jre/lib/amd64/libinstrument.so
7f2dc79b7000-7f2dc79e4000 r-xp 00000000 08:09 3942503                    /usr/lib/jvm/java-7-openjdk-amd64/jre/lib/amd64/libjava.so
7f2dc79e4000-7f2dc7be3000 ---p 0002d000 08:09 3942503                    /usr/lib/jvm/java-7-openjdk-amd64/jre/lib/amd64/libjava.so
7f2dc7be3000-7f2dc7be4000 r--p 0002c000 08:09 3942503                    /usr/lib/jvm/java-7-openjdk-amd64/jre/lib/amd64/libjava.so
7f2dc7be4000-7f2dc7be6000 rw-p 0002d000 08:09 3942503                    /usr/lib/jvm/java-7-openjdk-amd64/jre/lib/amd64/libjava.so
7f2dc7be6000-7f2dc7bf5000 r-xp 00000000 08:09 3942484                    /usr/lib/jvm/java-7-openjdk-amd64/jre/lib/amd64/libverify.so
7f2dc7bf5000-7f2dc7df4000 ---p 0000f000 08:09 3942484                    /usr/lib/jvm/java-7-openjdk-amd64/jre/lib/amd64/libverify.so
7f2dc7df4000-7f2dc7df7000 r--p 0000e000 08:09 3942484                    /usr/lib/jvm/java-7-openjdk-amd64/jre/lib/amd64/libverify.so
7f2dc7df7000-7f2dc7df8000 rw-p 00011000 08:09 3942484                    /usr/lib/jvm/java-7-openjdk-amd64/jre/lib/amd64/libverify.so
7f2dc7df8000-7f2dc7dff000 r-xp 00000000 08:09 2625863                    /lib/x86_64-linux-gnu/librt-2.21.so
7f2dc7dff000-7f2dc7ffe000 ---p 00007000 08:09 2625863                    /lib/x86_64-linux-gnu/librt-2.21.so
7f2dc7ffe000-7f2dc7fff000 r--p 00006000 08:09 2625863                    /lib/x86_64-linux-gnu/librt-2.21.so
7f2dc7fff000-7f2dc8000000 rw-p 00007000 08:09 2625863                    /lib/x86_64-linux-gnu/librt-2.21.so
7f2dc8000000-7f2dc8035000 rw-p 00000000 00:00 0 
7f2dc8035000-7f2dcc000000 ---p 00000000 00:00 0 
7f2dcc032000-7f2dcc192000 rw-p 00000000 00:00 0 
7f2dcc192000-7f2dcc1a8000 r-xp 00000000 08:09 2625751                    /lib/x86_64-linux-gnu/libgcc_s.so.1
7f2dcc1a8000-7f2dcc3a7000 ---p 00016000 08:09 2625751                    /lib/x86_64-linux-gnu/libgcc_s.so.1
7f2dcc3a7000-7f2dcc3a8000 rw-p 00015000 08:09 2625751                    /lib/x86_64-linux-gnu/libgcc_s.so.1
7f2dcc3a8000-7f2dcc4af000 r-xp 00000000 08:09 2625781                    /lib/x86_64-linux-gnu/libm-2.21.so
7f2dcc4af000-7f2dcc6ae000 ---p 00107000 08:09 2625781                    /lib/x86_64-linux-gnu/libm-2.21.so
7f2dcc6ae000-7f2dcc6af000 r--p 00106000 08:09 2625781                    /lib/x86_64-linux-gnu/libm-2.21.so
7f2dcc6af000-7f2dcc6b0000 rw-p 00107000 08:09 2625781                    /lib/x86_64-linux-gnu/libm-2.21.so
7f2dcc6b0000-7f2dcc7a0000 r-xp 00000000 08:09 2893091                    /usr/lib/x86_64-linux-gnu/libstdc++.so.6.0.20
7f2dcc7a0000-7f2dcc9a0000 ---p 000f0000 08:09 2893091                    /usr/lib/x86_64-linux-gnu/libstdc++.so.6.0.20
7f2dcc9a0000-7f2dcc9a8000 r--p 000f0000 08:09 2893091                    /usr/lib/x86_64-linux-gnu/libstdc++.so.6.0.20
7f2dcc9a8000-7f2dcc9aa000 rw-p 000f8000 08:09 2893091                    /usr/lib/x86_64-linux-gnu/libstdc++.so.6.0.20
7f2dcc9aa000-7f2dcc9bf000 rw-p 00000000 00:00 0 
7f2dcc9bf000-7f2dcd517000 r-xp 00000000 08:09 3942472                    /usr/lib/jvm/java-7-openjdk-amd64/jre/lib/amd64/server/libjvm.so
7f2dcd517000-7f2dcd716000 ---p 00b58000 08:09 3942472                    /usr/lib/jvm/java-7-openjdk-amd64/jre/lib/amd64/server/libjvm.so
7f2dcd716000-7f2dcd7b5000 r--p 00b57000 08:09 3942472                    /usr/lib/jvm/java-7-openjdk-amd64/jre/lib/amd64/server/libjvm.so
7f2dcd7b5000-7f2dcd7d8000 rw-p 00bf6000 08:09 3942472                    /usr/lib/jvm/java-7-openjdk-amd64/jre/lib/amd64/server/libjvm.so
7f2dcd7d8000-7f2dcd805000 rw-p 00000000 00:00 0 
7f2dcd805000-7f2dcd81e000 r-xp 00000000 08:09 2625896                    /lib/x86_64-linux-gnu/libz.so.1.2.8
7f2dcd81e000-7f2dcda1e000 ---p 00019000 08:09 2625896                    /lib/x86_64-linux-gnu/libz.so.1.2.8
7f2dcda1e000-7f2dcda1f000 r--p 00019000 08:09 2625896                    /lib/x86_64-linux-gnu/libz.so.1.2.8
7f2dcda1f000-7f2dcda20000 rw-p 0001a000 08:09 2625896                    /lib/x86_64-linux-gnu/libz.so.1.2.8
7f2dcda20000-7f2dcda38000 r-xp 00000000 08:09 2625855                    /lib/x86_64-linux-gnu/libpthread-2.21.so
7f2dcda38000-7f2dcdc38000 ---p 00018000 08:09 2625855                    /lib/x86_64-linux-gnu/libpthread-2.21.so
7f2dcdc38000-7f2dcdc39000 r--p 00018000 08:09 2625855                    /lib/x86_64-linux-gnu/libpthread-2.21.so
7f2dcdc39000-7f2dcdc3a000 rw-p 00019000 08:09 2625855                    /lib/x86_64-linux-gnu/libpthread-2.21.so
7f2dcdc3a000-7f2dcdc3e000 rw-p 00000000 00:00 0 
7f2dcdc3e000-7f2dcdc41000 r-xp 00000000 08:09 2625739                    /lib/x86_64-linux-gnu/libdl-2.21.so
7f2dcdc41000-7f2dcde40000 ---p 00003000 08:09 2625739                    /lib/x86_64-linux-gnu/libdl-2.21.so
7f2dcde40000-7f2dcde41000 r--p 00002000 08:09 2625739                    /lib/x86_64-linux-gnu/libdl-2.21.so
7f2dcde41000-7f2dcde42000 rw-p 00003000 08:09 2625739                    /lib/x86_64-linux-gnu/libdl-2.21.so
7f2dcde42000-7f2dce002000 r-xp 00000000 08:09 2625722                    /lib/x86_64-linux-gnu/libc-2.21.so
7f2dce002000-7f2dce202000 ---p 001c0000 08:09 2625722                    /lib/x86_64-linux-gnu/libc-2.21.so
7f2dce202000-7f2dce206000 r--p 001c0000 08:09 2625722                    /lib/x86_64-linux-gnu/libc-2.21.so
7f2dce206000-7f2dce208000 rw-p 001c4000 08:09 2625722                    /lib/x86_64-linux-gnu/libc-2.21.so
7f2dce208000-7f2dce20c000 rw-p 00000000 00:00 0 
7f2dce20c000-7f2dce219000 r-xp 00000000 08:09 3942469                    /usr/lib/jvm/java-7-openjdk-amd64/jre/lib/amd64/jli/libjli.so
7f2dce219000-7f2dce418000 ---p 0000d000 08:09 3942469                    /usr/lib/jvm/java-7-openjdk-amd64/jre/lib/amd64/jli/libjli.so
7f2dce418000-7f2dce419000 r--p 0000c000 08:09 3942469                    /usr/lib/jvm/java-7-openjdk-amd64/jre/lib/amd64/jli/libjli.so
7f2dce419000-7f2dce41a000 rw-p 0000d000 08:09 3942469                    /usr/lib/jvm/java-7-openjdk-amd64/jre/lib/amd64/jli/libjli.so
7f2dce41a000-7f2dce43e000 r-xp 00000000 08:09 2625694                    /lib/x86_64-linux-gnu/ld-2.21.so
7f2dce444000-7f2dce51d000 rw-p 00000000 00:00 0 
7f2dce51d000-7f2dce520000 ---p 00000000 00:00 0 
7f2dce520000-7f2dce623000 rw-p 00000000 00:00 0                          [stack:24270]
7f2dce62f000-7f2dce631000 rw-p 00000000 00:00 0 
7f2dce631000-7f2dce639000 rw-s 00000000 08:09 4063857                    /tmp/hsperfdata_sokupa/24269
7f2dce639000-7f2dce63a000 rw-p 00000000 00:00 0 
7f2dce63a000-7f2dce63b000 r--p 00000000 00:00 0 
7f2dce63b000-7f2dce63d000 rw-p 00000000 00:00 0 
7f2dce63d000-7f2dce63e000 r--p 00023000 08:09 2625694                    /lib/x86_64-linux-gnu/ld-2.21.so
7f2dce63e000-7f2dce63f000 rw-p 00024000 08:09 2625694                    /lib/x86_64-linux-gnu/ld-2.21.so
7f2dce63f000-7f2dce640000 rw-p 00000000 00:00 0 
7ffc82d0c000-7ffc82d2e000 rw-p 00000000 00:00 0                          [stack]
7ffc82d81000-7ffc82d83000 r--p 00000000 00:00 0                          [vvar]
7ffc82d83000-7ffc82d85000 r-xp 00000000 00:00 0                          [vdso]
ffffffffff600000-ffffffffff601000 r-xp 00000000 00:00 0                  [vsyscall]

VM Arguments:
jvm_args: -javaagent:/usr/share/java/jayatanaag.jar -Xms1024m -Xmx1024m -XX:ReservedCodeCacheSize=128m -XX:MaxPermSize=256m 
java_command: /home/sokupa/Scala/sbt/bin/sbt-launch.jar run
Launcher Type: SUN_STANDARD

Environment Variables:
JAVA_HOME=/usr/lib/jvm/java-7-openjdk-amd64
JAVA_TOOL_OPTIONS=-javaagent:/usr/share/java/jayatanaag.jar 
PATH=/home/sokupa/Scala/sbt/bin:/home/sokupa/.gvm/vertx/current/bin:/home/sokupa/.gvm/springboot/current/bin:/home/sokupa/.gvm/lazybones/current/bin:/home/sokupa/.gvm/jbossforge/current/bin:/home/sokupa/.gvm/jbake/current/bin:/home/sokupa/.gvm/groovyserv/current/bin:/home/sokupa/.gvm/groovy/current/bin:/home/sokupa/.gvm/griffon/current/bin:/home/sokupa/.gvm/grails/current/bin:/home/sokupa/.gvm/gradle/current/bin:/home/sokupa/.gvm/glide/current/bin:/home/sokupa/.gvm/gaiden/current/bin:/home/sokupa/.gvm/crash/current/bin:/home/sokupa/.gvm/asciidoctorj/current/bin:/usr/local/sbin:/usr/local/bin:/usr/sbin:/usr/bin:/sbin:/bin:/usr/games:/usr/local/games
SHELL=/bin/bash
DISPLAY=:0

Signal Handlers:
SIGSEGV: [libjvm.so+0x98ac50], sa_mask[0]=0x7ffbfeff, sa_flags=0x10000004
SIGBUS: [libjvm.so+0x98ac50], sa_mask[0]=0x7ffbfeff, sa_flags=0x10000004
SIGFPE: [libjvm.so+0x7f8ab0], sa_mask[0]=0x7ffbfeff, sa_flags=0x10000004
SIGPIPE: [libjvm.so+0x7f8ab0], sa_mask[0]=0x7ffbfeff, sa_flags=0x10000004
SIGXFSZ: [libjvm.so+0x7f8ab0], sa_mask[0]=0x7ffbfeff, sa_flags=0x10000004
SIGILL: [libjvm.so+0x7f8ab0], sa_mask[0]=0x7ffbfeff, sa_flags=0x10000004
SIGUSR1: SIG_DFL, sa_mask[0]=0x00000000, sa_flags=0x00000000
SIGUSR2: [libjvm.so+0x7f8930], sa_mask[0]=0x00000000, sa_flags=0x10000004
SIGHUP: SIG_DFL, sa_mask[0]=0x00000000, sa_flags=0x00000000
SIGINT: SIG_DFL, sa_mask[0]=0x00000000, sa_flags=0x00000000
SIGTERM: SIG_DFL, sa_mask[0]=0x00000000, sa_flags=0x00000000
SIGQUIT: SIG_DFL, sa_mask[0]=0x00000000, sa_flags=0x00000000
SIGTRAP: SIG_DFL, sa_mask[0]=0x00000000, sa_flags=0x00000000


---------------  S Y S T E M  ---------------

OS:Ubuntu 15.04 (vivid)
uname:Linux 3.19.0-28-generic #30-Ubuntu SMP Mon Aug 31 15:52:51 UTC 2015 x86_64
libc:glibc 2.21 NPTL 2.21 
rlimit: STACK 8192k, CORE 0k, NPROC 13096, NOFILE 65536, AS infinity
load average:1.54 2.16 2.77

/proc/meminfo:
MemTotal:        3435240 kB
MemFree:          108648 kB
MemAvailable:     109060 kB
Buffers:            9704 kB
Cached:           140692 kB
SwapCached:       153740 kB
Active:          2273624 kB
Inactive:         815768 kB
Active(anon):    2187084 kB
Inactive(anon):   760080 kB
Active(file):      86540 kB
Inactive(file):    55688 kB
Unevictable:          16 kB
Mlocked:              16 kB
SwapTotal:       3639292 kB
SwapFree:         370240 kB
Dirty:               208 kB
Writeback:             0 kB
AnonPages:       2785552 kB
Mapped:            92296 kB
Shmem:              7968 kB
Slab:              65820 kB
SReclaimable:      27532 kB
SUnreclaim:        38288 kB
KernelStack:       11024 kB
PageTables:        42924 kB
NFS_Unstable:          0 kB
Bounce:                0 kB
WritebackTmp:          0 kB
CommitLimit:     5356912 kB
Committed_AS:   12039764 kB
VmallocTotal:   34359738367 kB
VmallocUsed:      108380 kB
VmallocChunk:   34359621628 kB
HardwareCorrupted:     0 kB
AnonHugePages:   1509376 kB
CmaTotal:              0 kB
CmaFree:               0 kB
HugePages_Total:       0
HugePages_Free:        0
HugePages_Rsvd:        0
HugePages_Surp:        0
Hugepagesize:       2048 kB
DirectMap4k:      256576 kB
DirectMap2M:     3383296 kB
DirectMap1G:           0 kB


CPU:total 4 (4 cores per cpu, 1 threads per core) family 22 model 0 stepping 1, cmov, cx8, fxsr, mmx, sse, sse2, sse3, ssse3, sse4.1, sse4.2, popcnt, avx, aes, mmxext, 3dnowpref, lzcnt, sse4a, tsc, tscinvbit, tscinv

/proc/cpuinfo:
processor	: 0
vendor_id	: AuthenticAMD
cpu family	: 22
model		: 0
model name	: AMD A4-5000 APU with Radeon(TM) HD Graphics
stepping	: 1
microcode	: 0x700010b
cpu MHz		: 800.000
cache size	: 2048 KB
physical id	: 0
siblings	: 4
core id		: 0
cpu cores	: 4
apicid		: 0
initial apicid	: 0
fpu		: yes
fpu_exception	: yes
cpuid level	: 13
wp		: yes
flags		: fpu vme de pse tsc msr pae mce cx8 apic sep mtrr pge mca cmov pat pse36 clflush mmx fxsr sse sse2 ht syscall nx mmxext fxsr_opt pdpe1gb rdtscp lm constant_tsc rep_good nopl nonstop_tsc extd_apicid aperfmperf eagerfpu pni pclmulqdq monitor ssse3 cx16 sse4_1 sse4_2 movbe popcnt aes xsave avx f16c lahf_lm cmp_legacy svm extapic cr8_legacy abm sse4a misalignsse 3dnowprefetch osvw ibs skinit wdt topoext perfctr_nb perfctr_l2 arat hw_pstate proc_feedback npt lbrv svm_lock nrip_save tsc_scale flushbyasid decodeassists pausefilter pfthreshold vmmcall bmi1 xsaveopt
bugs		: fxsave_leak
bogomips	: 2994.38
TLB size	: 1024 4K pages
clflush size	: 64
cache_alignment	: 64
address sizes	: 40 bits physical, 48 bits virtual
power management: ts ttp tm 100mhzsteps hwpstate [11]

processor	: 1
vendor_id	: AuthenticAMD
cpu family	: 22
model		: 0
model name	: AMD A4-5000 APU with Radeon(TM) HD Graphics    
stepping	: 1
microcode	: 0x700010b
cpu MHz		: 1100.000
cache size	: 2048 KB
physical id	: 0
siblings	: 4
core id		: 1
cpu cores	: 4
apicid		: 1
initial apicid	: 1
fpu		: yes
fpu_exception	: yes
cpuid level	: 13
wp		: yes
flags		: fpu vme de pse tsc msr pae mce cx8 apic sep mtrr pge mca cmov pat pse36 clflush mmx fxsr sse sse2 ht syscall nx mmxext fxsr_opt pdpe1gb rdtscp lm constant_tsc rep_good nopl nonstop_tsc extd_apicid aperfmperf eagerfpu pni pclmulqdq monitor ssse3 cx16 sse4_1 sse4_2 movbe popcnt aes xsave avx f16c lahf_lm cmp_legacy svm extapic cr8_legacy abm sse4a misalignsse 3dnowprefetch osvw ibs skinit wdt topoext perfctr_nb perfctr_l2 arat hw_pstate proc_feedback npt lbrv svm_lock nrip_save tsc_scale flushbyasid decodeassists pausefilter pfthreshold vmmcall bmi1 xsaveopt
bugs		: fxsave_leak
bogomips	: 2994.38
TLB size	: 1024 4K pages
clflush size	: 64
cache_alignment	: 64
address sizes	: 40 bits physical, 48 bits virtual
power management: ts ttp tm 100mhzsteps hwpstate [11]

processor	: 2
vendor_id	: AuthenticAMD
cpu family	: 22
model		: 0
model name	: AMD A4-5000 APU with Radeon(TM) HD Graphics    
stepping	: 1
microcode	: 0x700010b
cpu MHz		: 1100.000
cache size	: 2048 KB
physical id	: 0
siblings	: 4
core id		: 2
cpu cores	: 4
apicid		: 2
initial apicid	: 2
fpu		: yes
fpu_exception	: yes
cpuid level	: 13
wp		: yes
flags		: fpu vme de pse tsc msr pae mce cx8 apic sep mtrr pge mca cmov pat pse36 clflush mmx fxsr sse sse2 ht syscall nx mmxext fxsr_opt pdpe1gb rdtscp lm constant_tsc rep_good nopl nonstop_tsc extd_apicid aperfmperf eagerfpu pni pclmulqdq monitor ssse3 cx16 sse4_1 sse4_2 movbe popcnt aes xsave avx f16c lahf_lm cmp_legacy svm extapic cr8_legacy abm sse4a misalignsse 3dnowprefetch osvw ibs skinit wdt topoext perfctr_nb perfctr_l2 arat hw_pstate proc_feedback npt lbrv svm_lock nrip_save tsc_scale flushbyasid decodeassists pausefilter pfthreshold vmmcall bmi1 xsaveopt
bugs		: fxsave_leak
bogomips	: 2994.38
TLB size	: 1024 4K pages
clflush size	: 64
cache_alignment	: 64
address sizes	: 40 bits physical, 48 bits virtual
power management: ts ttp tm 100mhzsteps hwpstate [11]

processor	: 3
vendor_id	: AuthenticAMD
cpu family	: 22
model		: 0
model name	: AMD A4-5000 APU with Radeon(TM) HD Graphics    
stepping	: 1
microcode	: 0x700010b
cpu MHz		: 1500.000
cache size	: 2048 KB
physical id	: 0
siblings	: 4
core id		: 3
cpu cores	: 4
apicid		: 3
initial apicid	: 3
fpu		: yes
fpu_exception	: yes
cpuid level	: 13
wp		: yes
flags		: fpu vme de pse tsc msr pae mce cx8 apic sep mtrr pge mca cmov pat pse36 clflush mmx fxsr sse sse2 ht syscall nx mmxext fxsr_opt pdpe1gb rdtscp lm constant_tsc rep_good nopl nonstop_tsc extd_apicid aperfmperf eagerfpu pni pclmulqdq monitor ssse3 cx16 sse4_1 sse4_2 movbe popcnt aes xsave avx f16c lahf_lm cmp_legacy svm extapic cr8_legacy abm sse4a misalignsse 3dnowprefetch osvw ibs skinit wdt topoext perfctr_nb perfctr_l2 arat hw_pstate proc_feedback npt lbrv svm_lock nrip_save tsc_scale flushbyasid decodeassists pausefilter pfthreshold vmmcall bmi1 xsaveopt
bugs		: fxsave_leak
bogomips	: 2994.38
TLB size	: 1024 4K pages
clflush size	: 64
cache_alignment	: 64
address sizes	: 40 bits physical, 48 bits virtual
power management: ts ttp tm 100mhzsteps hwpstate [11]



Memory: 4k page, physical 3435240k(108648k free), swap 3639292k(370240k free)

vm_info: OpenJDK 64-Bit Server VM (24.79-b02) for linux-amd64 JRE (1.7.0_79-b14), built on Jul 24 2015 05:24:39 by "buildd" with gcc 4.9.2

time: Sun Sep 13 00:16:50 2015
elapsed time: 0 seconds

